<?xml version="1.0" encoding="UTF-8"?>
<testng-results ignored="0" total="1" passed="1" failed="0" skipped="0">
  <reporter-output>
  </reporter-output>
  <suite started-at="2025-05-27T22:02:24 IST" name="Default suite" finished-at="2025-05-27T22:03:41 IST" duration-ms="77390">
    <groups>
    </groups>
    <test started-at="2025-05-27T22:02:24 IST" name="Default test" finished-at="2025-05-27T22:03:41 IST" duration-ms="77390">
      <class name="tests.LogoutTest">
        <test-method is-config="true" signature="setupReport()[pri:0, instance:tests.LogoutTest@ae13544]" started-at="2025-05-27T22:02:24 IST" name="setupReport" finished-at="2025-05-27T22:02:24 IST" duration-ms="204" status="PASS">
          <reporter-output>
          </reporter-output>
        </test-method> <!-- setupReport -->
        <test-method is-config="true" signature="setup()[pri:0, instance:tests.LogoutTest@ae13544]" started-at="2025-05-27T22:02:24 IST" name="setup" finished-at="2025-05-27T22:03:02 IST" duration-ms="37627" status="PASS">
          <reporter-output>
          </reporter-output>
        </test-method> <!-- setup -->
        <test-method signature="logoutTest()[pri:0, instance:tests.LogoutTest@ae13544]" started-at="2025-05-27T22:03:02 IST" name="logoutTest" finished-at="2025-05-27T22:03:41 IST" duration-ms="39344" status="PASS">
          <reporter-output>
          </reporter-output>
        </test-method> <!-- logoutTest -->
        <test-method is-config="true" signature="tearDown()[pri:0, instance:tests.LogoutTest@ae13544]" started-at="2025-05-27T22:03:41 IST" name="tearDown" finished-at="2025-05-27T22:03:41 IST" duration-ms="351" status="PASS">
          <reporter-output>
          </reporter-output>
        </test-method> <!-- tearDown -->
        <test-method is-config="true" signature="flushReports()[pri:0, instance:tests.LogoutTest@ae13544]" started-at="2025-05-27T22:03:42 IST" name="flushReports" finished-at="2025-05-27T22:03:42 IST" duration-ms="826" status="PASS">
          <reporter-output>
          </reporter-output>
        </test-method> <!-- flushReports -->
      </class> <!-- tests.LogoutTest -->
    </test> <!-- Default test -->
  </suite> <!-- Default suite -->
</testng-results>
